* installing *source* package ‘zlib’ ...
** using staged installation
** libs
using C++ compiler: ‘g++ (GCC) 13.2.1 20230728 (Red Hat 13.2.1-1)’
g++ -std=gnu++17 -I"/usr/include/R" -DNDEBUG  -I'/home/sgeist/arbeit/rzlib/renv/library/R-4.3/x86_64-redhat-linux-gnu/Rcpp/include' -I/usr/local/include   -I/usr/lib64/R/include -I../inst/include -I./  `/usr/lib64/R/bin/Rscript -e "Rcpp:::CxxFlags()"` -fpic  -O2 -flto=auto -ffat-lto-objects -fexceptions -g -grecord-gcc-switches -pipe -Wall -Werror=format-security -Wp,-U_FORTIFY_SOURCE,-D_FORTIFY_SOURCE=3 -Wp,-D_GLIBCXX_ASSERTIONS -specs=/usr/lib/rpm/redhat/redhat-hardened-cc1 -fstack-protector-strong -specs=/usr/lib/rpm/redhat/redhat-annobin-cc1  -m64  -mtune=generic -fasynchronous-unwind-tables -fstack-clash-protection -fcf-protection -fno-omit-frame-pointer -mno-omit-leaf-frame-pointer   -c RcppExports.cpp -o RcppExports.o
g++ -std=gnu++17 -I"/usr/include/R" -DNDEBUG  -I'/home/sgeist/arbeit/rzlib/renv/library/R-4.3/x86_64-redhat-linux-gnu/Rcpp/include' -I/usr/local/include   -I/usr/lib64/R/include -I../inst/include -I./  `/usr/lib64/R/bin/Rscript -e "Rcpp:::CxxFlags()"` -fpic  -O2 -flto=auto -ffat-lto-objects -fexceptions -g -grecord-gcc-switches -pipe -Wall -Werror=format-security -Wp,-U_FORTIFY_SOURCE,-D_FORTIFY_SOURCE=3 -Wp,-D_GLIBCXX_ASSERTIONS -specs=/usr/lib/rpm/redhat/redhat-hardened-cc1 -fstack-protector-strong -specs=/usr/lib/rpm/redhat/redhat-annobin-cc1  -m64  -mtune=generic -fasynchronous-unwind-tables -fstack-clash-protection -fcf-protection -fno-omit-frame-pointer -mno-omit-leaf-frame-pointer   -c compressor.cpp -o compressor.o
g++ -std=gnu++17 -I"/usr/include/R" -DNDEBUG  -I'/home/sgeist/arbeit/rzlib/renv/library/R-4.3/x86_64-redhat-linux-gnu/Rcpp/include' -I/usr/local/include   -I/usr/lib64/R/include -I../inst/include -I./  `/usr/lib64/R/bin/Rscript -e "Rcpp:::CxxFlags()"` -fpic  -O2 -flto=auto -ffat-lto-objects -fexceptions -g -grecord-gcc-switches -pipe -Wall -Werror=format-security -Wp,-U_FORTIFY_SOURCE,-D_FORTIFY_SOURCE=3 -Wp,-D_GLIBCXX_ASSERTIONS -specs=/usr/lib/rpm/redhat/redhat-hardened-cc1 -fstack-protector-strong -specs=/usr/lib/rpm/redhat/redhat-annobin-cc1  -m64  -mtune=generic -fasynchronous-unwind-tables -fstack-clash-protection -fcf-protection -fno-omit-frame-pointer -mno-omit-leaf-frame-pointer   -c constants.cpp -o constants.o
g++ -std=gnu++17 -I"/usr/include/R" -DNDEBUG  -I'/home/sgeist/arbeit/rzlib/renv/library/R-4.3/x86_64-redhat-linux-gnu/Rcpp/include' -I/usr/local/include   -I/usr/lib64/R/include -I../inst/include -I./  `/usr/lib64/R/bin/Rscript -e "Rcpp:::CxxFlags()"` -fpic  -O2 -flto=auto -ffat-lto-objects -fexceptions -g -grecord-gcc-switches -pipe -Wall -Werror=format-security -Wp,-U_FORTIFY_SOURCE,-D_FORTIFY_SOURCE=3 -Wp,-D_GLIBCXX_ASSERTIONS -specs=/usr/lib/rpm/redhat/redhat-hardened-cc1 -fstack-protector-strong -specs=/usr/lib/rpm/redhat/redhat-annobin-cc1  -m64  -mtune=generic -fasynchronous-unwind-tables -fstack-clash-protection -fcf-protection -fno-omit-frame-pointer -mno-omit-leaf-frame-pointer   -c decompressor.cpp -o decompressor.o
g++ -std=gnu++17 -I"/usr/include/R" -DNDEBUG  -I'/home/sgeist/arbeit/rzlib/renv/library/R-4.3/x86_64-redhat-linux-gnu/Rcpp/include' -I/usr/local/include   -I/usr/lib64/R/include -I../inst/include -I./  `/usr/lib64/R/bin/Rscript -e "Rcpp:::CxxFlags()"` -fpic  -O2 -flto=auto -ffat-lto-objects -fexceptions -g -grecord-gcc-switches -pipe -Wall -Werror=format-security -Wp,-U_FORTIFY_SOURCE,-D_FORTIFY_SOURCE=3 -Wp,-D_GLIBCXX_ASSERTIONS -specs=/usr/lib/rpm/redhat/redhat-hardened-cc1 -fstack-protector-strong -specs=/usr/lib/rpm/redhat/redhat-annobin-cc1  -m64  -mtune=generic -fasynchronous-unwind-tables -fstack-clash-protection -fcf-protection -fno-omit-frame-pointer -mno-omit-leaf-frame-pointer   -c validate.cpp -o validate.o
g++ -std=gnu++17 -shared -L/usr/lib64/R/lib -Wl,-z,relro -Wl,--as-needed -Wl,-z,now -specs=/usr/lib/rpm/redhat/redhat-hardened-ld -specs=/usr/lib/rpm/redhat/redhat-annobin-cc1 -Wl,--build-id=sha1 -o zlib.so RcppExports.o compressor.o constants.o decompressor.o validate.o -lz -L/usr/lib64/R/lib -lR
installing to /home/sgeist/arbeit/rzlib/zlib.Rcheck/00LOCK-zlib/00new/zlib/libs
** R
** byte-compile and prepare package for lazy loading
** help
*** installing help indices
** building package indices
** testing if installed package can be loaded from temporary location
** checking absolute paths in shared objects and dynamic libraries
** testing if installed package can be loaded from final location
** testing if installed package keeps a record of temporary installation path
* DONE (zlib)
